mode: set
github.com/ethanefung/blackjack/dealer.go:16.33,18.2 1 1
github.com/ethanefung/blackjack/dealer.go:21.34,25.2 3 1
github.com/ethanefung/blackjack/dealer.go:28.38,30.2 1 1
github.com/ethanefung/blackjack/dealer.go:34.50,35.29 1 1
github.com/ethanefung/blackjack/dealer.go:35.29,36.48 1 1
github.com/ethanefung/blackjack/dealer.go:43.3,44.12 2 1
github.com/ethanefung/blackjack/dealer.go:36.48,37.30 1 1
github.com/ethanefung/blackjack/dealer.go:40.4,41.13 2 1
github.com/ethanefung/blackjack/dealer.go:37.30,39.5 1 0
github.com/ethanefung/blackjack/dealer.go:49.29,50.27 1 1
github.com/ethanefung/blackjack/dealer.go:53.2,56.13 4 1
github.com/ethanefung/blackjack/dealer.go:50.27,52.3 1 0
github.com/ethanefung/blackjack/dealer.go:61.25,63.2 1 1
github.com/ethanefung/blackjack/dealer.go:67.35,68.27 1 1
github.com/ethanefung/blackjack/dealer.go:71.2,76.13 6 1
github.com/ethanefung/blackjack/dealer.go:68.27,70.3 1 0
github.com/ethanefung/blackjack/dealer.go:82.32,83.27 1 1
github.com/ethanefung/blackjack/dealer.go:86.2,87.26 2 1
github.com/ethanefung/blackjack/dealer.go:90.2,93.13 4 1
github.com/ethanefung/blackjack/dealer.go:83.27,85.3 1 0
github.com/ethanefung/blackjack/dealer.go:87.26,89.3 1 0
github.com/ethanefung/blackjack/dealer.go:96.31,98.47 2 1
github.com/ethanefung/blackjack/dealer.go:101.2,118.13 9 1
github.com/ethanefung/blackjack/dealer.go:98.47,100.3 1 1
github.com/ethanefung/blackjack/dealer.go:122.56,123.20 1 1
github.com/ethanefung/blackjack/dealer.go:126.2,127.13 2 1
github.com/ethanefung/blackjack/dealer.go:123.20,125.3 1 0
github.com/ethanefung/blackjack/dealer.go:131.28,136.60 4 1
github.com/ethanefung/blackjack/dealer.go:136.60,138.29 2 1
github.com/ethanefung/blackjack/dealer.go:143.3,144.21 2 1
github.com/ethanefung/blackjack/dealer.go:138.29,140.4 1 0
github.com/ethanefung/blackjack/dealer.go:140.9,142.4 1 1
github.com/ethanefung/blackjack/dealer.go:145.13,146.12 1 1
github.com/ethanefung/blackjack/dealer.go:147.12,148.46 1 1
github.com/ethanefung/blackjack/dealer.go:149.13,150.46 1 1
github.com/ethanefung/blackjack/dealer.go:151.13,152.46 1 0
github.com/ethanefung/blackjack/dealer.go:153.11,154.12 1 0
github.com/ethanefung/blackjack/dealer.go:162.25,163.71 1 1
github.com/ethanefung/blackjack/dealer.go:163.71,166.3 2 1
github.com/ethanefung/blackjack/dealer.go:171.29,172.27 1 1
github.com/ethanefung/blackjack/dealer.go:175.2,175.43 1 1
github.com/ethanefung/blackjack/dealer.go:172.27,174.3 1 1
github.com/ethanefung/blackjack/dealer.go:175.43,177.3 1 1
github.com/ethanefung/blackjack/dealer.go:181.26,183.18 2 1
github.com/ethanefung/blackjack/dealer.go:187.2,187.17 1 1
github.com/ethanefung/blackjack/dealer.go:183.18,186.3 2 1
github.com/ethanefung/blackjack/dealer.go:192.34,193.28 1 1
github.com/ethanefung/blackjack/dealer.go:196.2,196.19 1 1
github.com/ethanefung/blackjack/dealer.go:193.28,195.3 1 1
github.com/ethanefung/blackjack/dealer.go:199.31,201.23 2 1
github.com/ethanefung/blackjack/dealer.go:201.23,202.27 1 1
github.com/ethanefung/blackjack/dealer.go:202.27,204.4 1 1
github.com/ethanefung/blackjack/dealer.go:204.9,206.4 1 1
github.com/ethanefung/blackjack/game.go:77.33,78.19 1 1
github.com/ethanefung/blackjack/game.go:81.2,81.25 1 1
github.com/ethanefung/blackjack/game.go:78.19,80.3 1 1
github.com/ethanefung/blackjack/game.go:95.18,100.2 4 1
github.com/ethanefung/blackjack/game.go:104.37,107.22 2 1
github.com/ethanefung/blackjack/game.go:107.22,109.3 1 1
github.com/ethanefung/blackjack/game.go:109.8,111.24 2 1
github.com/ethanefung/blackjack/game.go:114.3,114.38 1 1
github.com/ethanefung/blackjack/game.go:111.24,113.4 1 1
github.com/ethanefung/blackjack/game.go:119.40,120.80 1 1
github.com/ethanefung/blackjack/game.go:124.2,124.60 1 1
github.com/ethanefung/blackjack/game.go:120.80,122.3 1 1
github.com/ethanefung/blackjack/game.go:124.60,125.58 1 1
github.com/ethanefung/blackjack/game.go:125.58,127.9 2 1
github.com/ethanefung/blackjack/game.go:128.9,128.40 1 1
github.com/ethanefung/blackjack/game.go:128.40,130.4 1 1
github.com/ethanefung/blackjack/game.go:135.44,137.37 2 0
github.com/ethanefung/blackjack/game.go:141.2,141.59 1 0
github.com/ethanefung/blackjack/game.go:137.37,140.3 2 0
github.com/ethanefung/blackjack/game.go:141.59,142.53 1 0
github.com/ethanefung/blackjack/game.go:142.53,145.4 2 0
github.com/ethanefung/blackjack/game.go:145.9,145.35 1 0
github.com/ethanefung/blackjack/game.go:145.35,148.4 2 0
github.com/ethanefung/blackjack/game.go:154.29,155.22 1 1
github.com/ethanefung/blackjack/game.go:158.2,159.13 2 1
github.com/ethanefung/blackjack/game.go:155.22,157.3 1 0
github.com/ethanefung/blackjack/game.go:164.37,165.27 1 1
github.com/ethanefung/blackjack/game.go:169.2,170.13 2 1
github.com/ethanefung/blackjack/game.go:165.27,168.3 2 1
github.com/ethanefung/blackjack/game.go:174.34,180.30 4 1
github.com/ethanefung/blackjack/game.go:186.2,188.55 2 1
github.com/ethanefung/blackjack/game.go:213.2,216.3 1 1
github.com/ethanefung/blackjack/game.go:180.30,182.3 1 0
github.com/ethanefung/blackjack/game.go:182.8,182.17 1 1
github.com/ethanefung/blackjack/game.go:182.17,184.3 1 1
github.com/ethanefung/blackjack/game.go:188.55,195.12 6 1
github.com/ethanefung/blackjack/game.go:200.3,200.22 1 1
github.com/ethanefung/blackjack/game.go:210.3,210.58 1 1
github.com/ethanefung/blackjack/game.go:195.12,197.12 2 1
github.com/ethanefung/blackjack/game.go:200.22,202.4 1 1
github.com/ethanefung/blackjack/game.go:202.9,202.38 1 1
github.com/ethanefung/blackjack/game.go:202.38,204.4 1 1
github.com/ethanefung/blackjack/game.go:204.9,204.56 1 1
github.com/ethanefung/blackjack/game.go:204.56,206.4 1 1
github.com/ethanefung/blackjack/game.go:206.9,208.4 1 1
github.com/ethanefung/blackjack/game.go:221.37,223.2 1 1
github.com/ethanefung/blackjack/hand.go:27.35,29.2 1 1
github.com/ethanefung/blackjack/hand.go:32.28,36.26 3 1
github.com/ethanefung/blackjack/hand.go:43.2,43.28 1 1
github.com/ethanefung/blackjack/hand.go:47.2,47.12 1 1
github.com/ethanefung/blackjack/hand.go:36.26,37.29 1 1
github.com/ethanefung/blackjack/hand.go:40.3,40.31 1 1
github.com/ethanefung/blackjack/hand.go:37.29,39.4 1 1
github.com/ethanefung/blackjack/hand.go:43.28,46.3 2 1
github.com/ethanefung/blackjack/hand.go:51.30,52.26 1 1
github.com/ethanefung/blackjack/hand.go:57.2,57.14 1 0
github.com/ethanefung/blackjack/hand.go:52.26,53.29 1 1
github.com/ethanefung/blackjack/hand.go:53.29,55.4 1 1
github.com/ethanefung/blackjack/hand.go:60.31,62.26 2 1
github.com/ethanefung/blackjack/hand.go:68.2,68.14 1 1
github.com/ethanefung/blackjack/hand.go:62.26,63.23 1 1
github.com/ethanefung/blackjack/hand.go:66.3,66.26 1 1
github.com/ethanefung/blackjack/hand.go:63.23,65.4 1 1
github.com/ethanefung/blackjack/player.go:16.37,18.2 1 1
github.com/ethanefung/blackjack/player.go:20.34,22.2 1 1
github.com/ethanefung/blackjack/wintype_string.go:22.34,23.50 1 1
github.com/ethanefung/blackjack/wintype_string.go:26.2,26.61 1 1
github.com/ethanefung/blackjack/wintype_string.go:23.50,25.3 1 0
