mode: set
github.com/ethanefung/blackjack/player.go:16.37,18.2 1 1
github.com/ethanefung/blackjack/player.go:20.34,22.2 1 1
github.com/ethanefung/blackjack/wintype_string.go:22.34,23.50 1 1
github.com/ethanefung/blackjack/wintype_string.go:26.2,26.61 1 1
github.com/ethanefung/blackjack/wintype_string.go:23.50,25.3 1 0
github.com/ethanefung/blackjack/dealer.go:16.33,18.2 1 1
github.com/ethanefung/blackjack/dealer.go:21.34,25.2 3 1
github.com/ethanefung/blackjack/dealer.go:28.38,30.2 1 1
github.com/ethanefung/blackjack/dealer.go:34.50,35.29 1 1
github.com/ethanefung/blackjack/dealer.go:35.29,36.48 1 1
github.com/ethanefung/blackjack/dealer.go:43.3,44.12 2 1
github.com/ethanefung/blackjack/dealer.go:36.48,37.30 1 1
github.com/ethanefung/blackjack/dealer.go:40.4,41.13 2 1
github.com/ethanefung/blackjack/dealer.go:37.30,39.5 1 0
github.com/ethanefung/blackjack/dealer.go:50.38,51.30 1 1
github.com/ethanefung/blackjack/dealer.go:54.2,56.13 3 1
github.com/ethanefung/blackjack/dealer.go:51.30,53.3 1 0
github.com/ethanefung/blackjack/dealer.go:61.25,63.2 1 1
github.com/ethanefung/blackjack/dealer.go:67.25,68.71 1 1
github.com/ethanefung/blackjack/dealer.go:68.71,71.3 2 1
github.com/ethanefung/blackjack/dealer.go:76.29,77.27 1 1
github.com/ethanefung/blackjack/dealer.go:80.2,80.43 1 1
github.com/ethanefung/blackjack/dealer.go:77.27,79.3 1 1
github.com/ethanefung/blackjack/dealer.go:80.43,82.3 1 1
github.com/ethanefung/blackjack/dealer.go:86.26,88.18 2 1
github.com/ethanefung/blackjack/dealer.go:93.2,93.17 1 1
github.com/ethanefung/blackjack/dealer.go:88.18,91.3 2 1
github.com/ethanefung/blackjack/dealer.go:98.34,99.31 1 1
github.com/ethanefung/blackjack/dealer.go:102.5,102.22 1 1
github.com/ethanefung/blackjack/dealer.go:99.31,101.6 1 1
github.com/ethanefung/blackjack/game.go:51.33,52.19 1 1
github.com/ethanefung/blackjack/game.go:55.2,55.25 1 1
github.com/ethanefung/blackjack/game.go:52.19,54.3 1 1
github.com/ethanefung/blackjack/game.go:69.18,74.2 4 1
github.com/ethanefung/blackjack/game.go:77.37,78.22 1 1
github.com/ethanefung/blackjack/game.go:78.22,82.3 1 1
github.com/ethanefung/blackjack/game.go:82.8,85.24 2 1
github.com/ethanefung/blackjack/game.go:88.3,90.4 1 1
github.com/ethanefung/blackjack/game.go:85.24,87.4 1 1
github.com/ethanefung/blackjack/game.go:95.40,97.21 2 1
github.com/ethanefung/blackjack/game.go:102.2,102.23 1 1
github.com/ethanefung/blackjack/game.go:97.21,100.3 2 1
github.com/ethanefung/blackjack/game.go:102.23,103.51 1 1
github.com/ethanefung/blackjack/game.go:109.3,109.19 1 1
github.com/ethanefung/blackjack/game.go:103.51,105.9 2 1
github.com/ethanefung/blackjack/game.go:106.9,106.33 1 1
github.com/ethanefung/blackjack/game.go:106.33,108.4 1 1
github.com/ethanefung/blackjack/game.go:115.29,116.22 1 1
github.com/ethanefung/blackjack/game.go:119.2,120.13 2 1
github.com/ethanefung/blackjack/game.go:116.22,118.3 1 0
github.com/ethanefung/blackjack/game.go:125.37,126.27 1 1
github.com/ethanefung/blackjack/game.go:130.2,131.13 2 1
github.com/ethanefung/blackjack/game.go:126.27,129.3 2 1
github.com/ethanefung/blackjack/game.go:135.34,141.33 4 1
github.com/ethanefung/blackjack/game.go:147.5,149.58 2 1
github.com/ethanefung/blackjack/game.go:171.5,174.6 1 1
github.com/ethanefung/blackjack/game.go:141.33,143.6 1 0
github.com/ethanefung/blackjack/game.go:143.11,143.20 1 1
github.com/ethanefung/blackjack/game.go:143.20,145.6 1 1
github.com/ethanefung/blackjack/game.go:149.58,153.18 4 1
github.com/ethanefung/blackjack/game.go:158.9,158.29 1 1
github.com/ethanefung/blackjack/game.go:168.9,168.37 1 1
github.com/ethanefung/blackjack/game.go:153.18,155.21 2 1
github.com/ethanefung/blackjack/game.go:158.29,160.10 1 1
github.com/ethanefung/blackjack/game.go:160.15,160.44 1 1
github.com/ethanefung/blackjack/game.go:160.44,162.10 1 0
github.com/ethanefung/blackjack/game.go:162.15,162.62 1 1
github.com/ethanefung/blackjack/game.go:162.62,164.10 1 1
github.com/ethanefung/blackjack/game.go:164.15,166.10 1 0
github.com/ethanefung/blackjack/game.go:179.37,181.2 1 1
github.com/ethanefung/blackjack/hand.go:27.35,29.2 1 1
github.com/ethanefung/blackjack/hand.go:32.28,36.26 3 1
github.com/ethanefung/blackjack/hand.go:43.2,43.28 1 1
github.com/ethanefung/blackjack/hand.go:47.2,47.12 1 1
github.com/ethanefung/blackjack/hand.go:36.26,37.29 1 1
github.com/ethanefung/blackjack/hand.go:40.3,40.31 1 1
github.com/ethanefung/blackjack/hand.go:37.29,39.4 1 1
github.com/ethanefung/blackjack/hand.go:43.28,46.3 2 1
github.com/ethanefung/blackjack/hand.go:51.30,52.26 1 1
github.com/ethanefung/blackjack/hand.go:57.2,57.14 1 0
github.com/ethanefung/blackjack/hand.go:52.26,53.29 1 1
github.com/ethanefung/blackjack/hand.go:53.29,55.4 1 1
